CRITICAL - 2023-04-30 15:11:14 --> Class 'App\Models\M_model' not found
#0 C:\xampp\htdocs\sidang\system\CodeIgniter.php(832): App\Controllers\Home->aksi_login()
#1 C:\xampp\htdocs\sidang\system\CodeIgniter.php(419): CodeIgniter\CodeIgniter->runController(Object(App\Controllers\Home))
#2 C:\xampp\htdocs\sidang\system\CodeIgniter.php(326): CodeIgniter\CodeIgniter->handleRequest(NULL, Object(Config\Cache), false)
#3 C:\xampp\htdocs\sidang\public\index.php(37): CodeIgniter\CodeIgniter->run()
#4 C:\xampp\htdocs\sidang\system\Commands\Server\rewrite.php(43): require_once('C:\\xampp\\htdocs...')
#5 {main}
CRITICAL - 2023-04-30 15:12:55 --> Class 'App\Models\M_model' not found
#0 C:\xampp\htdocs\sidang\system\CodeIgniter.php(832): App\Controllers\Home->aksi_login()
#1 C:\xampp\htdocs\sidang\system\CodeIgniter.php(419): CodeIgniter\CodeIgniter->runController(Object(App\Controllers\Home))
#2 C:\xampp\htdocs\sidang\system\CodeIgniter.php(326): CodeIgniter\CodeIgniter->handleRequest(NULL, Object(Config\Cache), false)
#3 C:\xampp\htdocs\sidang\public\index.php(37): CodeIgniter\CodeIgniter->run()
#4 C:\xampp\htdocs\sidang\system\Commands\Server\rewrite.php(43): require_once('C:\\xampp\\htdocs...')
#5 {main}
CRITICAL - 2023-04-30 15:17:08 --> Class 'App\Models\M_model' not found
#0 C:\xampp\htdocs\sidang\system\CodeIgniter.php(832): App\Controllers\Home->aksi_login()
#1 C:\xampp\htdocs\sidang\system\CodeIgniter.php(419): CodeIgniter\CodeIgniter->runController(Object(App\Controllers\Home))
#2 C:\xampp\htdocs\sidang\system\CodeIgniter.php(326): CodeIgniter\CodeIgniter->handleRequest(NULL, Object(Config\Cache), false)
#3 C:\xampp\htdocs\sidang\public\index.php(37): CodeIgniter\CodeIgniter->run()
#4 C:\xampp\htdocs\sidang\system\Commands\Server\rewrite.php(43): require_once('C:\\xampp\\htdocs...')
#5 {main}
CRITICAL - 2023-04-30 15:17:13 --> Class 'App\Models\M_model' not found
#0 C:\xampp\htdocs\sidang\system\CodeIgniter.php(832): App\Controllers\Home->aksi_login()
#1 C:\xampp\htdocs\sidang\system\CodeIgniter.php(419): CodeIgniter\CodeIgniter->runController(Object(App\Controllers\Home))
#2 C:\xampp\htdocs\sidang\system\CodeIgniter.php(326): CodeIgniter\CodeIgniter->handleRequest(NULL, Object(Config\Cache), false)
#3 C:\xampp\htdocs\sidang\public\index.php(37): CodeIgniter\CodeIgniter->run()
#4 C:\xampp\htdocs\sidang\system\Commands\Server\rewrite.php(43): require_once('C:\\xampp\\htdocs...')
#5 {main}
CRITICAL - 2023-04-30 15:17:36 --> Class 'App\Models\M_model' not found
#0 C:\xampp\htdocs\sidang\system\CodeIgniter.php(832): App\Controllers\Home->aksi_login()
#1 C:\xampp\htdocs\sidang\system\CodeIgniter.php(419): CodeIgniter\CodeIgniter->runController(Object(App\Controllers\Home))
#2 C:\xampp\htdocs\sidang\system\CodeIgniter.php(326): CodeIgniter\CodeIgniter->handleRequest(NULL, Object(Config\Cache), false)
#3 C:\xampp\htdocs\sidang\public\index.php(37): CodeIgniter\CodeIgniter->run()
#4 C:\xampp\htdocs\sidang\system\Commands\Server\rewrite.php(43): require_once('C:\\xampp\\htdocs...')
#5 {main}
CRITICAL - 2023-04-30 15:19:16 --> Class 'App\Models\M_model' not found
#0 C:\xampp\htdocs\sidang\system\CodeIgniter.php(832): App\Controllers\Home->aksi_login()
#1 C:\xampp\htdocs\sidang\system\CodeIgniter.php(419): CodeIgniter\CodeIgniter->runController(Object(App\Controllers\Home))
#2 C:\xampp\htdocs\sidang\system\CodeIgniter.php(326): CodeIgniter\CodeIgniter->handleRequest(NULL, Object(Config\Cache), false)
#3 C:\xampp\htdocs\sidang\public\index.php(37): CodeIgniter\CodeIgniter->run()
#4 C:\xampp\htdocs\sidang\system\Commands\Server\rewrite.php(43): require_once('C:\\xampp\\htdocs...')
#5 {main}
CRITICAL - 2023-04-30 15:19:55 --> Class 'App\Models\M_model' not found
#0 C:\xampp\htdocs\sidang\system\CodeIgniter.php(832): App\Controllers\User->index()
#1 C:\xampp\htdocs\sidang\system\CodeIgniter.php(419): CodeIgniter\CodeIgniter->runController(Object(App\Controllers\User))
#2 C:\xampp\htdocs\sidang\system\CodeIgniter.php(326): CodeIgniter\CodeIgniter->handleRequest(NULL, Object(Config\Cache), false)
#3 C:\xampp\htdocs\sidang\public\index.php(37): CodeIgniter\CodeIgniter->run()
#4 C:\xampp\htdocs\sidang\system\Commands\Server\rewrite.php(43): require_once('C:\\xampp\\htdocs...')
#5 {main}
CRITICAL - 2023-04-30 15:19:58 --> Class 'App\Models\M_model' not found
#0 C:\xampp\htdocs\sidang\system\CodeIgniter.php(832): App\Controllers\User->index()
#1 C:\xampp\htdocs\sidang\system\CodeIgniter.php(419): CodeIgniter\CodeIgniter->runController(Object(App\Controllers\User))
#2 C:\xampp\htdocs\sidang\system\CodeIgniter.php(326): CodeIgniter\CodeIgniter->handleRequest(NULL, Object(Config\Cache), false)
#3 C:\xampp\htdocs\sidang\public\index.php(37): CodeIgniter\CodeIgniter->run()
#4 C:\xampp\htdocs\sidang\system\Commands\Server\rewrite.php(43): require_once('C:\\xampp\\htdocs...')
#5 {main}
CRITICAL - 2023-04-30 15:20:24 --> Class 'App\Models\M_model' not found
#0 C:\xampp\htdocs\sidang\system\CodeIgniter.php(832): App\Controllers\User->index()
#1 C:\xampp\htdocs\sidang\system\CodeIgniter.php(419): CodeIgniter\CodeIgniter->runController(Object(App\Controllers\User))
#2 C:\xampp\htdocs\sidang\system\CodeIgniter.php(326): CodeIgniter\CodeIgniter->handleRequest(NULL, Object(Config\Cache), false)
#3 C:\xampp\htdocs\sidang\public\index.php(37): CodeIgniter\CodeIgniter->run()
#4 C:\xampp\htdocs\sidang\system\Commands\Server\rewrite.php(43): require_once('C:\\xampp\\htdocs...')
#5 {main}
CRITICAL - 2023-04-30 15:20:25 --> Class 'App\Models\M_model' not found
#0 C:\xampp\htdocs\sidang\system\CodeIgniter.php(832): App\Controllers\User->index()
#1 C:\xampp\htdocs\sidang\system\CodeIgniter.php(419): CodeIgniter\CodeIgniter->runController(Object(App\Controllers\User))
#2 C:\xampp\htdocs\sidang\system\CodeIgniter.php(326): CodeIgniter\CodeIgniter->handleRequest(NULL, Object(Config\Cache), false)
#3 C:\xampp\htdocs\sidang\public\index.php(37): CodeIgniter\CodeIgniter->run()
#4 C:\xampp\htdocs\sidang\system\Commands\Server\rewrite.php(43): require_once('C:\\xampp\\htdocs...')
#5 {main}
CRITICAL - 2023-04-30 15:20:25 --> Class 'App\Models\M_model' not found
#0 C:\xampp\htdocs\sidang\system\CodeIgniter.php(832): App\Controllers\User->index()
#1 C:\xampp\htdocs\sidang\system\CodeIgniter.php(419): CodeIgniter\CodeIgniter->runController(Object(App\Controllers\User))
#2 C:\xampp\htdocs\sidang\system\CodeIgniter.php(326): CodeIgniter\CodeIgniter->handleRequest(NULL, Object(Config\Cache), false)
#3 C:\xampp\htdocs\sidang\public\index.php(37): CodeIgniter\CodeIgniter->run()
#4 C:\xampp\htdocs\sidang\system\Commands\Server\rewrite.php(43): require_once('C:\\xampp\\htdocs...')
#5 {main}
CRITICAL - 2023-04-30 15:20:26 --> Class 'App\Models\M_model' not found
#0 C:\xampp\htdocs\sidang\system\CodeIgniter.php(832): App\Controllers\User->index()
#1 C:\xampp\htdocs\sidang\system\CodeIgniter.php(419): CodeIgniter\CodeIgniter->runController(Object(App\Controllers\User))
#2 C:\xampp\htdocs\sidang\system\CodeIgniter.php(326): CodeIgniter\CodeIgniter->handleRequest(NULL, Object(Config\Cache), false)
#3 C:\xampp\htdocs\sidang\public\index.php(37): CodeIgniter\CodeIgniter->run()
#4 C:\xampp\htdocs\sidang\system\Commands\Server\rewrite.php(43): require_once('C:\\xampp\\htdocs...')
#5 {main}
CRITICAL - 2023-04-30 15:20:26 --> Class 'App\Models\M_model' not found
#0 C:\xampp\htdocs\sidang\system\CodeIgniter.php(832): App\Controllers\User->index()
#1 C:\xampp\htdocs\sidang\system\CodeIgniter.php(419): CodeIgniter\CodeIgniter->runController(Object(App\Controllers\User))
#2 C:\xampp\htdocs\sidang\system\CodeIgniter.php(326): CodeIgniter\CodeIgniter->handleRequest(NULL, Object(Config\Cache), false)
#3 C:\xampp\htdocs\sidang\public\index.php(37): CodeIgniter\CodeIgniter->run()
#4 C:\xampp\htdocs\sidang\system\Commands\Server\rewrite.php(43): require_once('C:\\xampp\\htdocs...')
#5 {main}
CRITICAL - 2023-04-30 15:21:49 --> Class 'App\Models\M_model' not found
#0 C:\xampp\htdocs\sidang\system\CodeIgniter.php(832): App\Controllers\User->index()
#1 C:\xampp\htdocs\sidang\system\CodeIgniter.php(419): CodeIgniter\CodeIgniter->runController(Object(App\Controllers\User))
#2 C:\xampp\htdocs\sidang\system\CodeIgniter.php(326): CodeIgniter\CodeIgniter->handleRequest(NULL, Object(Config\Cache), false)
#3 C:\xampp\htdocs\sidang\public\index.php(37): CodeIgniter\CodeIgniter->run()
#4 C:\xampp\htdocs\sidang\system\Commands\Server\rewrite.php(43): require_once('C:\\xampp\\htdocs...')
#5 {main}
CRITICAL - 2023-04-30 15:23:10 --> Class 'App\Models\M_model' not found
#0 C:\xampp\htdocs\sidang\system\CodeIgniter.php(832): App\Controllers\User->index()
#1 C:\xampp\htdocs\sidang\system\CodeIgniter.php(419): CodeIgniter\CodeIgniter->runController(Object(App\Controllers\User))
#2 C:\xampp\htdocs\sidang\system\CodeIgniter.php(326): CodeIgniter\CodeIgniter->handleRequest(NULL, Object(Config\Cache), false)
#3 C:\xampp\htdocs\sidang\public\index.php(37): CodeIgniter\CodeIgniter->run()
#4 C:\xampp\htdocs\sidang\system\Commands\Server\rewrite.php(43): require_once('C:\\xampp\\htdocs...')
#5 {main}
CRITICAL - 2023-04-30 15:24:43 --> Invalid argument supplied for foreach()
#0 C:\xampp\htdocs\sidang\app\Views\v_user.php(23): CodeIgniter\Debug\Exceptions->errorHandler(2, 'Invalid argumen...', 'C:\\xampp\\htdocs...', 23, Array)
#1 C:\xampp\htdocs\sidang\system\View\View.php(210): include('C:\\xampp\\htdocs...')
#2 C:\xampp\htdocs\sidang\system\View\View.php(213): CodeIgniter\View\View->CodeIgniter\View\{closure}()
#3 C:\xampp\htdocs\sidang\system\Common.php(1089): CodeIgniter\View\View->render('v_user', Array, true)
#4 C:\xampp\htdocs\sidang\app\Controllers\Home.php(26): view('v_user')
#5 C:\xampp\htdocs\sidang\system\CodeIgniter.php(832): App\Controllers\Home->dashboard()
#6 C:\xampp\htdocs\sidang\system\CodeIgniter.php(419): CodeIgniter\CodeIgniter->runController(Object(App\Controllers\Home))
#7 C:\xampp\htdocs\sidang\system\CodeIgniter.php(326): CodeIgniter\CodeIgniter->handleRequest(NULL, Object(Config\Cache), false)
#8 C:\xampp\htdocs\sidang\public\index.php(37): CodeIgniter\CodeIgniter->run()
#9 C:\xampp\htdocs\sidang\system\Commands\Server\rewrite.php(43): require_once('C:\\xampp\\htdocs...')
#10 {main}
ERROR - 2023-04-30 16:25:50 --> Column 'level' cannot be null
ERROR - 2023-04-30 16:25:50 --> Column 'user' cannot be null
