CRITICAL - 2023-08-31 07:02:54 --> Class 'App\Models\M_model' not found
#0 C:\xampp\htdocs\kafe\system\CodeIgniter.php(832): App\Controllers\Home->profile('28')
#1 C:\xampp\htdocs\kafe\system\CodeIgniter.php(419): CodeIgniter\CodeIgniter->runController(Object(App\Controllers\Home))
#2 C:\xampp\htdocs\kafe\system\CodeIgniter.php(326): CodeIgniter\CodeIgniter->handleRequest(NULL, Object(Config\Cache), false)
#3 C:\xampp\htdocs\kafe\public\index.php(37): CodeIgniter\CodeIgniter->run()
#4 C:\xampp\htdocs\kafe\system\Commands\Server\rewrite.php(43): require_once('C:\\xampp\\htdocs...')
#5 {main}
CRITICAL - 2023-08-31 07:02:59 --> Class 'App\Models\M_model' not found
#0 C:\xampp\htdocs\kafe\system\CodeIgniter.php(832): App\Controllers\Home->aksi_login()
#1 C:\xampp\htdocs\kafe\system\CodeIgniter.php(419): CodeIgniter\CodeIgniter->runController(Object(App\Controllers\Home))
#2 C:\xampp\htdocs\kafe\system\CodeIgniter.php(326): CodeIgniter\CodeIgniter->handleRequest(NULL, Object(Config\Cache), false)
#3 C:\xampp\htdocs\kafe\public\index.php(37): CodeIgniter\CodeIgniter->run()
#4 C:\xampp\htdocs\kafe\system\Commands\Server\rewrite.php(43): require_once('C:\\xampp\\htdocs...')
#5 {main}
CRITICAL - 2023-08-31 07:03:03 --> Class 'App\Models\M_model' not found
#0 C:\xampp\htdocs\kafe\system\CodeIgniter.php(832): App\Controllers\Home->aksi_login()
#1 C:\xampp\htdocs\kafe\system\CodeIgniter.php(419): CodeIgniter\CodeIgniter->runController(Object(App\Controllers\Home))
#2 C:\xampp\htdocs\kafe\system\CodeIgniter.php(326): CodeIgniter\CodeIgniter->handleRequest(NULL, Object(Config\Cache), false)
#3 C:\xampp\htdocs\kafe\public\index.php(37): CodeIgniter\CodeIgniter->run()
#4 C:\xampp\htdocs\kafe\system\Commands\Server\rewrite.php(43): require_once('C:\\xampp\\htdocs...')
#5 {main}
CRITICAL - 2023-08-31 07:04:25 --> Class 'App\Models\M_model' not found
#0 C:\xampp\htdocs\kafe\system\CodeIgniter.php(832): App\Controllers\Home->aksi_login()
#1 C:\xampp\htdocs\kafe\system\CodeIgniter.php(419): CodeIgniter\CodeIgniter->runController(Object(App\Controllers\Home))
#2 C:\xampp\htdocs\kafe\system\CodeIgniter.php(326): CodeIgniter\CodeIgniter->handleRequest(NULL, Object(Config\Cache), false)
#3 C:\xampp\htdocs\kafe\public\index.php(37): CodeIgniter\CodeIgniter->run()
#4 C:\xampp\htdocs\kafe\system\Commands\Server\rewrite.php(43): require_once('C:\\xampp\\htdocs...')
#5 {main}
CRITICAL - 2023-08-31 07:04:32 --> Class 'App\Models\M_model' not found
#0 C:\xampp\htdocs\kafe\system\CodeIgniter.php(832): App\Controllers\Home->aksi_login()
#1 C:\xampp\htdocs\kafe\system\CodeIgniter.php(419): CodeIgniter\CodeIgniter->runController(Object(App\Controllers\Home))
#2 C:\xampp\htdocs\kafe\system\CodeIgniter.php(326): CodeIgniter\CodeIgniter->handleRequest(NULL, Object(Config\Cache), false)
#3 C:\xampp\htdocs\kafe\public\index.php(37): CodeIgniter\CodeIgniter->run()
#4 C:\xampp\htdocs\kafe\system\Commands\Server\rewrite.php(43): require_once('C:\\xampp\\htdocs...')
#5 {main}
CRITICAL - 2023-08-31 07:07:55 --> syntax error, unexpected '<', expecting end of file
#0 C:\xampp\htdocs\kafe\system\Autoloader\Autoloader.php(241): CodeIgniter\Autoloader\Autoloader->includeFile('C:\\xampp\\htdocs...')
#1 C:\xampp\htdocs\kafe\system\Autoloader\Autoloader.php(219): CodeIgniter\Autoloader\Autoloader->loadInNamespace('App\\Models\\M_mo...')
#2 [internal function]: CodeIgniter\Autoloader\Autoloader->loadClass('App\\Models\\M_mo...')
#3 C:\xampp\htdocs\kafe\app\Controllers\Home.php(70): spl_autoload_call('App\\Models\\M_mo...')
#4 C:\xampp\htdocs\kafe\system\CodeIgniter.php(832): App\Controllers\Home->aksi_login()
#5 C:\xampp\htdocs\kafe\system\CodeIgniter.php(419): CodeIgniter\CodeIgniter->runController(Object(App\Controllers\Home))
#6 C:\xampp\htdocs\kafe\system\CodeIgniter.php(326): CodeIgniter\CodeIgniter->handleRequest(NULL, Object(Config\Cache), false)
#7 C:\xampp\htdocs\kafe\public\index.php(37): CodeIgniter\CodeIgniter->run()
#8 C:\xampp\htdocs\kafe\system\Commands\Server\rewrite.php(43): require_once('C:\\xampp\\htdocs...')
#9 {main}
