ERROR - 2023-08-08 12:52:08 --> Unknown column 'nama_pertandingan' in 'field list'
ERROR - 2023-08-08 12:55:36 --> Table 'classmeeting.nama_pertandingan1' doesn't exist
ERROR - 2023-08-08 12:56:09 --> Table 'classmeeting.nama_pertandingan1' doesn't exist
ERROR - 2023-08-08 12:57:01 --> Table 'classmeeting.nama_pertandingan1' doesn't exist
ERROR - 2023-08-08 12:58:21 --> Column 'nama_pertandingan1' cannot be null
ERROR - 2023-08-08 12:59:00 --> Column 'nama_pertandingan1' cannot be null
ERROR - 2023-08-08 13:01:11 --> Column 'nama_pertandingan1' cannot be null
ERROR - 2023-08-08 13:04:14 --> Column 'nama_pertandingan1' cannot be null
ERROR - 2023-08-08 13:12:41 --> Column 'nama_pertandingan1' cannot be null
CRITICAL - 2023-08-08 13:13:43 --> Too few arguments to function App\Controllers\pertandingan::delete(), 0 passed in C:\xampp\htdocs\sidang\system\CodeIgniter.php on line 832 and exactly 1 expected
#0 C:\xampp\htdocs\sidang\system\CodeIgniter.php(832): App\Controllers\pertandingan->delete()
#1 C:\xampp\htdocs\sidang\system\CodeIgniter.php(419): CodeIgniter\CodeIgniter->runController(Object(App\Controllers\pertandingan))
#2 C:\xampp\htdocs\sidang\system\CodeIgniter.php(326): CodeIgniter\CodeIgniter->handleRequest(NULL, Object(Config\Cache), false)
#3 C:\xampp\htdocs\sidang\public\index.php(37): CodeIgniter\CodeIgniter->run()
#4 C:\xampp\htdocs\sidang\system\Commands\Server\rewrite.php(43): require_once('C:\\xampp\\htdocs...')
#5 {main}
CRITICAL - 2023-08-08 13:14:37 --> Too few arguments to function App\Controllers\pertandingan::delete(), 0 passed in C:\xampp\htdocs\sidang\system\CodeIgniter.php on line 832 and exactly 1 expected
#0 C:\xampp\htdocs\sidang\system\CodeIgniter.php(832): App\Controllers\pertandingan->delete()
#1 C:\xampp\htdocs\sidang\system\CodeIgniter.php(419): CodeIgniter\CodeIgniter->runController(Object(App\Controllers\pertandingan))
#2 C:\xampp\htdocs\sidang\system\CodeIgniter.php(326): CodeIgniter\CodeIgniter->handleRequest(NULL, Object(Config\Cache), false)
#3 C:\xampp\htdocs\sidang\public\index.php(37): CodeIgniter\CodeIgniter->run()
#4 C:\xampp\htdocs\sidang\system\Commands\Server\rewrite.php(43): require_once('C:\\xampp\\htdocs...')
#5 {main}
CRITICAL - 2023-08-08 13:14:51 --> Too few arguments to function App\Controllers\pertandingan::delete(), 0 passed in C:\xampp\htdocs\sidang\system\CodeIgniter.php on line 832 and exactly 1 expected
#0 C:\xampp\htdocs\sidang\system\CodeIgniter.php(832): App\Controllers\pertandingan->delete()
#1 C:\xampp\htdocs\sidang\system\CodeIgniter.php(419): CodeIgniter\CodeIgniter->runController(Object(App\Controllers\pertandingan))
#2 C:\xampp\htdocs\sidang\system\CodeIgniter.php(326): CodeIgniter\CodeIgniter->handleRequest(NULL, Object(Config\Cache), false)
#3 C:\xampp\htdocs\sidang\public\index.php(37): CodeIgniter\CodeIgniter->run()
#4 C:\xampp\htdocs\sidang\system\Commands\Server\rewrite.php(43): require_once('C:\\xampp\\htdocs...')
#5 {main}
CRITICAL - 2023-08-08 13:15:23 --> Too few arguments to function App\Controllers\pertandingan::delete(), 0 passed in C:\xampp\htdocs\sidang\system\CodeIgniter.php on line 832 and exactly 1 expected
#0 C:\xampp\htdocs\sidang\system\CodeIgniter.php(832): App\Controllers\pertandingan->delete()
#1 C:\xampp\htdocs\sidang\system\CodeIgniter.php(419): CodeIgniter\CodeIgniter->runController(Object(App\Controllers\pertandingan))
#2 C:\xampp\htdocs\sidang\system\CodeIgniter.php(326): CodeIgniter\CodeIgniter->handleRequest(NULL, Object(Config\Cache), false)
#3 C:\xampp\htdocs\sidang\public\index.php(37): CodeIgniter\CodeIgniter->run()
#4 C:\xampp\htdocs\sidang\system\Commands\Server\rewrite.php(43): require_once('C:\\xampp\\htdocs...')
#5 {main}
CRITICAL - 2023-08-08 13:15:50 --> Too few arguments to function App\Controllers\pertandingan_nama::delete(), 0 passed in C:\xampp\htdocs\sidang\system\CodeIgniter.php on line 832 and exactly 1 expected
#0 C:\xampp\htdocs\sidang\system\CodeIgniter.php(832): App\Controllers\pertandingan_nama->delete()
#1 C:\xampp\htdocs\sidang\system\CodeIgniter.php(419): CodeIgniter\CodeIgniter->runController(Object(App\Controllers\pertandingan_nama))
#2 C:\xampp\htdocs\sidang\system\CodeIgniter.php(326): CodeIgniter\CodeIgniter->handleRequest(NULL, Object(Config\Cache), false)
#3 C:\xampp\htdocs\sidang\public\index.php(37): CodeIgniter\CodeIgniter->run()
#4 C:\xampp\htdocs\sidang\system\Commands\Server\rewrite.php(43): require_once('C:\\xampp\\htdocs...')
#5 {main}
CRITICAL - 2023-08-08 13:17:00 --> Too few arguments to function App\Controllers\pertandingan_nama::delete(), 0 passed in C:\xampp\htdocs\sidang\system\CodeIgniter.php on line 832 and exactly 1 expected
#0 C:\xampp\htdocs\sidang\system\CodeIgniter.php(832): App\Controllers\pertandingan_nama->delete()
#1 C:\xampp\htdocs\sidang\system\CodeIgniter.php(419): CodeIgniter\CodeIgniter->runController(Object(App\Controllers\pertandingan_nama))
#2 C:\xampp\htdocs\sidang\system\CodeIgniter.php(326): CodeIgniter\CodeIgniter->handleRequest(NULL, Object(Config\Cache), false)
#3 C:\xampp\htdocs\sidang\public\index.php(37): CodeIgniter\CodeIgniter->run()
#4 C:\xampp\htdocs\sidang\system\Commands\Server\rewrite.php(43): require_once('C:\\xampp\\htdocs...')
#5 {main}
CRITICAL - 2023-08-08 13:18:24 --> Too few arguments to function App\Controllers\pertandingan_nama::delete(), 0 passed in C:\xampp\htdocs\sidang\system\CodeIgniter.php on line 832 and exactly 1 expected
#0 C:\xampp\htdocs\sidang\system\CodeIgniter.php(832): App\Controllers\pertandingan_nama->delete()
#1 C:\xampp\htdocs\sidang\system\CodeIgniter.php(419): CodeIgniter\CodeIgniter->runController(Object(App\Controllers\pertandingan_nama))
#2 C:\xampp\htdocs\sidang\system\CodeIgniter.php(326): CodeIgniter\CodeIgniter->handleRequest(NULL, Object(Config\Cache), false)
#3 C:\xampp\htdocs\sidang\public\index.php(37): CodeIgniter\CodeIgniter->run()
#4 C:\xampp\htdocs\sidang\system\Commands\Server\rewrite.php(43): require_once('C:\\xampp\\htdocs...')
#5 {main}
CRITICAL - 2023-08-08 13:20:58 --> Too few arguments to function App\Controllers\pertandingan_nama::delete(), 0 passed in C:\xampp\htdocs\sidang\system\CodeIgniter.php on line 832 and exactly 1 expected
#0 C:\xampp\htdocs\sidang\system\CodeIgniter.php(832): App\Controllers\pertandingan_nama->delete()
#1 C:\xampp\htdocs\sidang\system\CodeIgniter.php(419): CodeIgniter\CodeIgniter->runController(Object(App\Controllers\pertandingan_nama))
#2 C:\xampp\htdocs\sidang\system\CodeIgniter.php(326): CodeIgniter\CodeIgniter->handleRequest(NULL, Object(Config\Cache), false)
#3 C:\xampp\htdocs\sidang\public\index.php(37): CodeIgniter\CodeIgniter->run()
#4 C:\xampp\htdocs\sidang\system\Commands\Server\rewrite.php(43): require_once('C:\\xampp\\htdocs...')
#5 {main}
CRITICAL - 2023-08-08 13:21:15 --> Too few arguments to function App\Controllers\pertandingan_nama::delete(), 0 passed in C:\xampp\htdocs\sidang\system\CodeIgniter.php on line 832 and exactly 1 expected
#0 C:\xampp\htdocs\sidang\system\CodeIgniter.php(832): App\Controllers\pertandingan_nama->delete()
#1 C:\xampp\htdocs\sidang\system\CodeIgniter.php(419): CodeIgniter\CodeIgniter->runController(Object(App\Controllers\pertandingan_nama))
#2 C:\xampp\htdocs\sidang\system\CodeIgniter.php(326): CodeIgniter\CodeIgniter->handleRequest(NULL, Object(Config\Cache), false)
#3 C:\xampp\htdocs\sidang\public\index.php(37): CodeIgniter\CodeIgniter->run()
#4 C:\xampp\htdocs\sidang\system\Commands\Server\rewrite.php(43): require_once('C:\\xampp\\htdocs...')
#5 {main}
CRITICAL - 2023-08-08 13:23:10 --> Too few arguments to function App\Controllers\pertandingan_nama::delete(), 0 passed in C:\xampp\htdocs\sidang\system\CodeIgniter.php on line 832 and exactly 1 expected
#0 C:\xampp\htdocs\sidang\system\CodeIgniter.php(832): App\Controllers\pertandingan_nama->delete()
#1 C:\xampp\htdocs\sidang\system\CodeIgniter.php(419): CodeIgniter\CodeIgniter->runController(Object(App\Controllers\pertandingan_nama))
#2 C:\xampp\htdocs\sidang\system\CodeIgniter.php(326): CodeIgniter\CodeIgniter->handleRequest(NULL, Object(Config\Cache), false)
#3 C:\xampp\htdocs\sidang\public\index.php(37): CodeIgniter\CodeIgniter->run()
#4 C:\xampp\htdocs\sidang\system\Commands\Server\rewrite.php(43): require_once('C:\\xampp\\htdocs...')
#5 {main}
CRITICAL - 2023-08-08 13:24:15 --> Too few arguments to function App\Controllers\pertandingan_nama::delete(), 0 passed in C:\xampp\htdocs\sidang\system\CodeIgniter.php on line 832 and exactly 1 expected
#0 C:\xampp\htdocs\sidang\system\CodeIgniter.php(832): App\Controllers\pertandingan_nama->delete()
#1 C:\xampp\htdocs\sidang\system\CodeIgniter.php(419): CodeIgniter\CodeIgniter->runController(Object(App\Controllers\pertandingan_nama))
#2 C:\xampp\htdocs\sidang\system\CodeIgniter.php(326): CodeIgniter\CodeIgniter->handleRequest(NULL, Object(Config\Cache), false)
#3 C:\xampp\htdocs\sidang\public\index.php(37): CodeIgniter\CodeIgniter->run()
#4 C:\xampp\htdocs\sidang\system\Commands\Server\rewrite.php(43): require_once('C:\\xampp\\htdocs...')
#5 {main}
ERROR - 2023-08-08 13:25:13 --> Column 'nama_pertandingan1' cannot be null
ERROR - 2023-08-08 13:28:48 --> Column 'nama_pertandingan1' cannot be null
ERROR - 2023-08-08 13:28:52 --> Column 'nama_pertandingan1' cannot be null
ERROR - 2023-08-08 13:29:59 --> Column 'nama_pertandingan1' cannot be null
